/usr/lib/python3/dist-packages/pkg_resources/__init__.py:116: PkgResourcesDeprecationWarning: 1.12.1-git20200711.33e2d80-dfsg1-0.6 is an invalid version and will not be supported in a future release
  warnings.warn(
/usr/lib/python3/dist-packages/pkg_resources/__init__.py:116: PkgResourcesDeprecationWarning: 1.12.1-git20200711.33e2d80-dfsg1-0.6 is an invalid version and will not be supported in a future release
  warnings.warn(
[rank: 0] Global seed set to 42
/usr/lib/python3/dist-packages/pkg_resources/__init__.py:116: PkgResourcesDeprecationWarning: 1.12.1-git20200711.33e2d80-dfsg1-0.6 is an invalid version and will not be supported in a future release
  warnings.warn(
/home/users/par55/.local/lib/python3.10/site-packages/lightning/fabric/plugins/environments/slurm.py:165: PossibleUserWarning: The `srun` command is available on your system but is not used. HINT: If your intention is to run Lightning on SLURM, prepend your python command with `srun` like so: srun python3 src/train.py experiment=downscaling_LDM_res_2mT ...
  rank_zero_warn(
Trainer already configured with model summary callbacks: [<class 'lightning.pytorch.callbacks.rich_model_summary.RichModelSummary'>]. Skipping setting a default `ModelSummary` callback.
GPU available: True (cuda), used: True
TPU available: False, using: 0 TPU cores
IPU available: False, using: 0 IPUs
HPU available: False, using: 0 HPUs
2025-04-08 14:13:40.275445: I tensorflow/core/util/port.cc:153] oneDNN custom operations are on. You may see slightly different numerical results due to floating-point round-off errors from different computation orders. To turn them off, set the environment variable `TF_ENABLE_ONEDNN_OPTS=0`.
2025-04-08 14:13:40.294152: E external/local_xla/xla/stream_executor/cuda/cuda_fft.cc:477] Unable to register cuFFT factory: Attempting to register factory for plugin cuFFT when one has already been registered
WARNING: All log messages before absl::InitializeLog() is called are written to STDERR
E0000 00:00:1744136020.310791  627505 cuda_dnn.cc:8310] Unable to register cuDNN factory: Attempting to register factory for plugin cuDNN when one has already been registered
E0000 00:00:1744136020.315758  627505 cuda_blas.cc:1418] Unable to register cuBLAS factory: Attempting to register factory for plugin cuBLAS when one has already been registered
2025-04-08 14:13:40.333265: I tensorflow/core/platform/cpu_feature_guard.cc:210] This TensorFlow binary is optimized to use available CPU instructions in performance-critical operations.
To enable the following instructions: AVX2 AVX512F AVX512_VNNI FMA, in other operations, rebuild TensorFlow with the appropriate compiler flags.
/home/users/par55/.local/lib/python3.10/site-packages/lightning/fabric/plugins/environments/slurm.py:165: PossibleUserWarning: The `srun` command is available on your system but is not used. HINT: If your intention is to run Lightning on SLURM, prepend your python command with `srun` like so: srun python3 src/train.py experiment=downscaling_LDM_res_2mT ...
  rank_zero_warn(
[rank: 0] Global seed set to 42
Initializing distributed: GLOBAL_RANK: 0, MEMBER: 1/4
/usr/lib/python3/dist-packages/pkg_resources/__init__.py:116: PkgResourcesDeprecationWarning: 1.12.1-git20200711.33e2d80-dfsg1-0.6 is an invalid version and will not be supported in a future release
  warnings.warn(
/usr/lib/python3/dist-packages/pkg_resources/__init__.py:116: PkgResourcesDeprecationWarning: 1.12.1-git20200711.33e2d80-dfsg1-0.6 is an invalid version and will not be supported in a future release
  warnings.warn(
/usr/lib/python3/dist-packages/pkg_resources/__init__.py:116: PkgResourcesDeprecationWarning: 1.12.1-git20200711.33e2d80-dfsg1-0.6 is an invalid version and will not be supported in a future release
  warnings.warn(
/usr/lib/python3/dist-packages/pkg_resources/__init__.py:116: PkgResourcesDeprecationWarning: 1.12.1-git20200711.33e2d80-dfsg1-0.6 is an invalid version and will not be supported in a future release
  warnings.warn(
/usr/lib/python3/dist-packages/pkg_resources/__init__.py:116: PkgResourcesDeprecationWarning: 1.12.1-git20200711.33e2d80-dfsg1-0.6 is an invalid version and will not be supported in a future release
  warnings.warn(
/usr/lib/python3/dist-packages/pkg_resources/__init__.py:116: PkgResourcesDeprecationWarning: 1.12.1-git20200711.33e2d80-dfsg1-0.6 is an invalid version and will not be supported in a future release
  warnings.warn(
[rank: 1] Global seed set to 42
[rank: 3] Global seed set to 42
[rank: 2] Global seed set to 42
/usr/lib/python3/dist-packages/pkg_resources/__init__.py:116: PkgResourcesDeprecationWarning: 1.12.1-git20200711.33e2d80-dfsg1-0.6 is an invalid version and will not be supported in a future release
  warnings.warn(
/usr/lib/python3/dist-packages/pkg_resources/__init__.py:116: PkgResourcesDeprecationWarning: 1.12.1-git20200711.33e2d80-dfsg1-0.6 is an invalid version and will not be supported in a future release
  warnings.warn(
/usr/lib/python3/dist-packages/pkg_resources/__init__.py:116: PkgResourcesDeprecationWarning: 1.12.1-git20200711.33e2d80-dfsg1-0.6 is an invalid version and will not be supported in a future release
  warnings.warn(
[rank: 1] Global seed set to 42
Initializing distributed: GLOBAL_RANK: 1, MEMBER: 2/4
[rank: 3] Global seed set to 42
Initializing distributed: GLOBAL_RANK: 3, MEMBER: 4/4
[rank: 2] Global seed set to 42
Initializing distributed: GLOBAL_RANK: 2, MEMBER: 3/4
----------------------------------------------------------------------------------------------------
distributed_backend=nccl
All distributed processes registered. Starting with 4 processes
----------------------------------------------------------------------------------------------------

Missing logger folder: /usr/project/xtmp/par55/DiffScaler/tensorboard/
Missing logger folder: /usr/project/xtmp/par55/DiffScaler/tensorboard/
Missing logger folder: /usr/project/xtmp/par55/DiffScaler/tensorboard/
LOCAL_RANK: 3 - CUDA_VISIBLE_DEVICES: [0,1,2,3]
LOCAL_RANK: 0 - CUDA_VISIBLE_DEVICES: [0,1,2,3]
LOCAL_RANK: 1 - CUDA_VISIBLE_DEVICES: [0,1,2,3]
LOCAL_RANK: 2 - CUDA_VISIBLE_DEVICES: [0,1,2,3]
/home/users/par55/.local/lib/python3.10/site-packages/lightning/pytorch/trainer/connectors/data_connector.py:432: PossibleUserWarning: The dataloader, val_dataloader, does not have many workers which may be a bottleneck. Consider increasing the value of the `num_workers` argument` (try 48 which is the number of cpus on this machine) in the `DataLoader` init to improve performance.
  rank_zero_warn(
/home/users/par55/.local/lib/python3.10/site-packages/lightning/pytorch/trainer/connectors/data_connector.py:432: PossibleUserWarning: The dataloader, train_dataloader, does not have many workers which may be a bottleneck. Consider increasing the value of the `num_workers` argument` (try 48 which is the number of cpus on this machine) in the `DataLoader` init to improve performance.
  rank_zero_warn(
[W reducer.cpp:1300] Warning: find_unused_parameters=True was specified in DDP constructor, but did not find any unused parameters in the forward pass. This flag results in an extra traversal of the autograd graph every iteration,  which can adversely affect performance. If your model indeed never has any unused parameters in the forward pass, consider turning this flag off. Note that this warning may be a false positive if your model has flow control causing later iterations to have unused parameters. (function operator())
[W reducer.cpp:1300] Warning: find_unused_parameters=True was specified in DDP constructor, but did not find any unused parameters in the forward pass. This flag results in an extra traversal of the autograd graph every iteration,  which can adversely affect performance. If your model indeed never has any unused parameters in the forward pass, consider turning this flag off. Note that this warning may be a false positive if your model has flow control causing later iterations to have unused parameters. (function operator())
[W reducer.cpp:1300] Warning: find_unused_parameters=True was specified in DDP constructor, but did not find any unused parameters in the forward pass. This flag results in an extra traversal of the autograd graph every iteration,  which can adversely affect performance. If your model indeed never has any unused parameters in the forward pass, consider turning this flag off. Note that this warning may be a false positive if your model has flow control causing later iterations to have unused parameters. (function operator())
[W reducer.cpp:1300] Warning: find_unused_parameters=True was specified in DDP constructor, but did not find any unused parameters in the forward pass. This flag results in an extra traversal of the autograd graph every iteration,  which can adversely affect performance. If your model indeed never has any unused parameters in the forward pass, consider turning this flag off. Note that this warning may be a false positive if your model has flow control causing later iterations to have unused parameters. (function operator())
/home/users/par55/.local/lib/python3.10/site-packages/torch/autograd/__init__.py:200: UserWarning: Grad strides do not match bucket view strides. This may indicate grad was not created according to the gradient layout contract, or that the param's strides changed since DDP was constructed.  This is not an error, but may impair performance.
grad.sizes() = [16, 64, 1, 1], strides() = [64, 1, 64, 64]
bucket_view.sizes() = [16, 64, 1, 1], strides() = [64, 1, 1, 1] (Triggered internally at ../torch/csrc/distributed/c10d/reducer.cpp:323.)
  Variable._execution_engine.run_backward(  # Calls into the C++ engine to run the backward pass
/home/users/par55/.local/lib/python3.10/site-packages/torch/autograd/__init__.py:200: UserWarning: Grad strides do not match bucket view strides. This may indicate grad was not created according to the gradient layout contract, or that the param's strides changed since DDP was constructed.  This is not an error, but may impair performance.
grad.sizes() = [16, 64, 1, 1], strides() = [64, 1, 64, 64]
bucket_view.sizes() = [16, 64, 1, 1], strides() = [64, 1, 1, 1] (Triggered internally at ../torch/csrc/distributed/c10d/reducer.cpp:323.)
  Variable._execution_engine.run_backward(  # Calls into the C++ engine to run the backward pass
/home/users/par55/.local/lib/python3.10/site-packages/torch/autograd/__init__.py:200: UserWarning: Grad strides do not match bucket view strides. This may indicate grad was not created according to the gradient layout contract, or that the param's strides changed since DDP was constructed.  This is not an error, but may impair performance.
grad.sizes() = [16, 64, 1, 1], strides() = [64, 1, 64, 64]
bucket_view.sizes() = [16, 64, 1, 1], strides() = [64, 1, 1, 1] (Triggered internally at ../torch/csrc/distributed/c10d/reducer.cpp:323.)
  Variable._execution_engine.run_backward(  # Calls into the C++ engine to run the backward pass
/home/users/par55/.local/lib/python3.10/site-packages/torch/autograd/__init__.py:200: UserWarning: Grad strides do not match bucket view strides. This may indicate grad was not created according to the gradient layout contract, or that the param's strides changed since DDP was constructed.  This is not an error, but may impair performance.
grad.sizes() = [16, 64, 1, 1], strides() = [64, 1, 64, 64]
bucket_view.sizes() = [16, 64, 1, 1], strides() = [64, 1, 1, 1] (Triggered internally at ../torch/csrc/distributed/c10d/reducer.cpp:323.)
  Variable._execution_engine.run_backward(  # Calls into the C++ engine to run the backward pass
[rank: 1] Global seed set to 42
[rank: 3] Global seed set to 42
[rank: 2] Global seed set to 42
[rank: 0] Global seed set to 42
Restoring states from the checkpoint path at /usr/project/xtmp/par55/DiffScaler/logs/train/runs/2025-04-08_14-13-31/checkpoints/epoch_000.ckpt
LOCAL_RANK: 3 - CUDA_VISIBLE_DEVICES: [0,1,2,3]
LOCAL_RANK: 2 - CUDA_VISIBLE_DEVICES: [0,1,2,3]
LOCAL_RANK: 0 - CUDA_VISIBLE_DEVICES: [0,1,2,3]
Loaded model weights from the checkpoint at /usr/project/xtmp/par55/DiffScaler/logs/train/runs/2025-04-08_14-13-31/checkpoints/epoch_000.ckpt
LOCAL_RANK: 1 - CUDA_VISIBLE_DEVICES: [0,1,2,3]
/home/users/par55/.local/lib/python3.10/site-packages/lightning/pytorch/trainer/connectors/data_connector.py:225: PossibleUserWarning: Using `DistributedSampler` with the dataloaders. During `trainer.test()`, it is recommended to use `Trainer(devices=1, num_nodes=1)` to ensure each sample/batch gets evaluated exactly once. Otherwise, multi-device settings use `DistributedSampler` that replicates some samples to make sure all devices have same batch size in case of uneven inputs.
  rank_zero_warn(
/home/users/par55/.local/lib/python3.10/site-packages/lightning/pytorch/trainer/connectors/data_connector.py:432: PossibleUserWarning: The dataloader, test_dataloader, does not have many workers which may be a bottleneck. Consider increasing the value of the `num_workers` argument` (try 48 which is the number of cpus on this machine) in the `DataLoader` init to improve performance.
  rank_zero_warn(
